<?xml version="1.0" encoding="UTF-8"?>
<TestRun id="b25ac714-cb72-44d9-8fa2-bca82a8c1c97" name="Ivan Oliveri@IVANOLIVERI-PC 2013-10-19 00:55:40" runUser="IvanOliveri-PC\Ivan Oliveri" xmlns="http://microsoft.com/schemas/VisualStudio/TeamTest/2010">
  <TestSettings name="Local" id="6b37e41e-5d41-4cba-bd50-32b3bbaeff00">
    <Description>These are default test settings for a local test run.</Description>
    <Deployment enabled="false" runDeploymentRoot="Ivan Oliveri_IVANOLIVERI-PC 2013-10-19 00_55_40">
      <DeploymentItem filename="C:\Users\Ivan Oliveri\Documents\Visual Studio 2010\Projects\TP-Matematica-Superior\Domain\bin\Debug\DomainTwo.dll" />
    </Deployment>
    <Execution>
      <TestTypeSpecific />
      <AgentRule name="Execution Agents">
      </AgentRule>
    </Execution>
  </TestSettings>
  <Times creation="2013-10-19T00:55:40.4618998-03:00" queuing="2013-10-19T00:55:46.1865092-03:00" start="2013-10-19T00:55:46.5771342-03:00" finish="2013-10-19T00:55:49.3740092-03:00" />
  <ResultSummary outcome="Failed">
    <Counters total="1" executed="1" error="0" failed="1" timeout="0" aborted="0" inconclusive="0" passedButRunAborted="0" notRunnable="0" notExecuted="0" disconnected="0" warning="0" passed="0" completed="0" inProgress="0" pending="0" />
  </ResultSummary>
  <TestDefinitions>
    <UnitTest name="TestMethod1" storage="c:\users\ivan oliveri\documents\visual studio 2010\projects\tp-matematica-superior\test\bin\debug\test.dll" id="707bcfc9-d063-e500-2293-a82fb1ce8456">
      <Execution id="e22735c7-d9ab-4561-a033-eff43d6c1491" />
      <TestMethod codeBase="C:/Users/Ivan Oliveri/Documents/Visual Studio 2010/Projects/TP-Matematica-Superior/Test/bin/Debug/Test.DLL" adapterTypeName="Microsoft.VisualStudio.TestTools.TestTypes.Unit.UnitTestAdapter, Microsoft.VisualStudio.QualityTools.Tips.UnitTest.Adapter, Version=10.0.0.0, Culture=neutral, PublicKeyToken=b03f5f7f11d50a3a" className="Test.ProgressiveDifferencesTest, Test, Version=1.0.0.0, Culture=neutral, PublicKeyToken=null" name="TestMethod1" />
    </UnitTest>
  </TestDefinitions>
  <TestLists>
    <TestList name="Results Not in a List" id="8c84fa94-04c1-424b-9868-57a2d4851a1d" />
    <TestList name="All Loaded Results" id="19431567-8539-422a-85d7-44ee4e166bda" />
  </TestLists>
  <TestEntries>
    <TestEntry testId="707bcfc9-d063-e500-2293-a82fb1ce8456" executionId="e22735c7-d9ab-4561-a033-eff43d6c1491" testListId="8c84fa94-04c1-424b-9868-57a2d4851a1d" />
  </TestEntries>
  <Results>
    <UnitTestResult executionId="e22735c7-d9ab-4561-a033-eff43d6c1491" testId="707bcfc9-d063-e500-2293-a82fb1ce8456" testName="TestMethod1" computerName="IVANOLIVERI-PC" duration="00:00:00.6042809" startTime="2013-10-19T00:55:46.8271342-03:00" endTime="2013-10-19T00:55:49.1708842-03:00" testType="13cdc9d9-ddb5-4fa4-a97d-d965ccfc6d4b" outcome="Failed" testListId="8c84fa94-04c1-424b-9868-57a2d4851a1d" relativeResultsDirectory="e22735c7-d9ab-4561-a033-eff43d6c1491">
      <Output>
        <ErrorInfo>
          <Message>Test method Test.ProgressiveDifferencesTest.TestMethod1 threw exception: 
System.ArgumentOutOfRangeException: Index was out of range. Must be non-negative and less than the size of the collection.
Parameter name: index</Message>
          <StackTrace>    at System.ThrowHelper.ThrowArgumentOutOfRangeException()
   at System.Collections.Generic.List`1.get_Item(Int32 index)
   at System.Linq.Enumerable.ElementAt[TSource](IEnumerable`1 source, Int32 index)
   at Domain.InterpolatingPolynomial.calculateProgressiveDifferencesOfOrdenedPairs(Int32 maxOrder) in C:\Users\Ivan Oliveri\Documents\Visual Studio 2010\Projects\TP-Matematica-Superior\Domain\InterpolatingPolynomial.cs:line 40
   at Test.ProgressiveDifferencesTest.TestMethod1() in C:\Users\Ivan Oliveri\Documents\Visual Studio 2010\Projects\TP-Matematica-Superior\Test\ProgressiveDifferencesTest.cs:line 32
</StackTrace>
        </ErrorInfo>
      </Output>
    </UnitTestResult>
  </Results>
</TestRun>