<?xml version="1.0" encoding="UTF-8"?>
<TestRun id="eed99379-543d-44d3-bfd3-bd02e005b035" name="Ivan Oliveri@IVANOLIVERI-PC 2013-10-19 02:03:02" runUser="IvanOliveri-PC\Ivan Oliveri" xmlns="http://microsoft.com/schemas/VisualStudio/TeamTest/2010">
  <TestSettings name="Local" id="6b37e41e-5d41-4cba-bd50-32b3bbaeff00">
    <Description>These are default test settings for a local test run.</Description>
    <Deployment userDeploymentRoot="C:\Users\Ivan Oliveri\Documents\Visual Studio 2010\Projects\TP-Matematica-Superior\TestResults" useDefaultDeploymentRoot="false" enabled="false" runDeploymentRoot="Ivan Oliveri_IVANOLIVERI-PC 2013-10-19 02_03_02">
      <DeploymentItem filename="C:\Users\Ivan Oliveri\Documents\Visual Studio 2010\Projects\TP-Matematica-Superior\Domain\bin\Debug\DomainTwo.dll" />
    </Deployment>
    <Execution>
      <TestTypeSpecific />
      <AgentRule name="Execution Agents">
      </AgentRule>
    </Execution>
  </TestSettings>
  <Times creation="2013-10-19T02:03:02.7460354-03:00" queuing="2013-10-19T02:03:04.0800198-03:00" start="2013-10-19T02:03:04.2831448-03:00" finish="2013-10-19T02:05:13.5624417-03:00" />
  <ResultSummary outcome="Error">
    <Counters total="1" executed="1" error="0" failed="0" timeout="0" aborted="1" inconclusive="0" passedButRunAborted="0" notRunnable="0" notExecuted="0" disconnected="0" warning="0" passed="0" completed="0" inProgress="0" pending="0" />
    <RunInfos>
      <RunInfo computerName="IVANOLIVERI-PC" outcome="Error" timestamp="2013-10-19T02:05:13.5145901-03:00">
        <Text>Test host process exited unexpectedly.</Text>
      </RunInfo>
    </RunInfos>
  </ResultSummary>
  <TestDefinitions>
    <UnitTest name="TestCoefficient1" storage="c:\users\ivan oliveri\documents\visual studio 2010\projects\tp-matematica-superior\test\bin\debug\test.dll" id="55561182-3da7-c2e4-bb94-ed045a552f5b">
      <Execution id="7b8be4b6-685e-4a63-b4cb-b36b0a1745ef" />
      <TestMethod codeBase="C:/Users/Ivan Oliveri/Documents/Visual Studio 2010/Projects/TP-Matematica-Superior/Test/bin/Debug/Test.DLL" adapterTypeName="Microsoft.VisualStudio.TestTools.TestTypes.Unit.UnitTestAdapter, Microsoft.VisualStudio.QualityTools.Tips.UnitTest.Adapter, Version=10.0.0.0, Culture=neutral, PublicKeyToken=b03f5f7f11d50a3a" className="Test.CoefficientsTest, Test, Version=1.0.0.0, Culture=neutral, PublicKeyToken=null" name="TestCoefficient1" />
    </UnitTest>
  </TestDefinitions>
  <TestLists>
    <TestList name="Results Not in a List" id="8c84fa94-04c1-424b-9868-57a2d4851a1d" />
    <TestList name="All Loaded Results" id="19431567-8539-422a-85d7-44ee4e166bda" />
  </TestLists>
  <TestEntries>
    <TestEntry testId="55561182-3da7-c2e4-bb94-ed045a552f5b" executionId="7b8be4b6-685e-4a63-b4cb-b36b0a1745ef" testListId="8c84fa94-04c1-424b-9868-57a2d4851a1d" />
  </TestEntries>
  <Results>
    <UnitTestResult executionId="7b8be4b6-685e-4a63-b4cb-b36b0a1745ef" testId="55561182-3da7-c2e4-bb94-ed045a552f5b" testName="TestCoefficient1" computerName="IVANOLIVERI-PC" duration="00:02:09.1845703" startTime="2013-10-19T02:03:04.3768948-03:00" endTime="2013-10-19T02:05:13.5614651-03:00" testType="13cdc9d9-ddb5-4fa4-a97d-d965ccfc6d4b" outcome="Aborted" testListId="8c84fa94-04c1-424b-9868-57a2d4851a1d" relativeResultsDirectory="7b8be4b6-685e-4a63-b4cb-b36b0a1745ef">
    </UnitTestResult>
  </Results>
</TestRun>