<?xml version="1.0" encoding="UTF-8"?>
<TestRun id="f60b6b8f-5d5d-4a67-9f40-2b3819f317c0" name="Ivan Oliveri@IVANOLIVERI-PC 2013-10-19 02:23:16" runUser="IvanOliveri-PC\Ivan Oliveri" xmlns="http://microsoft.com/schemas/VisualStudio/TeamTest/2010">
  <TestSettings name="Local" id="6b37e41e-5d41-4cba-bd50-32b3bbaeff00">
    <Description>These are default test settings for a local test run.</Description>
    <Deployment userDeploymentRoot="C:\Users\Ivan Oliveri\Documents\Visual Studio 2010\Projects\TP-Matematica-Superior\TestResults" useDefaultDeploymentRoot="false" enabled="false" runDeploymentRoot="Ivan Oliveri_IVANOLIVERI-PC 2013-10-19 02_23_16">
      <DeploymentItem filename="C:\Users\Ivan Oliveri\Documents\Visual Studio 2010\Projects\TP-Matematica-Superior\Domain\bin\Debug\DomainTwo.dll" />
    </Deployment>
    <Execution>
      <TestTypeSpecific />
      <AgentRule name="Execution Agents">
      </AgentRule>
    </Execution>
  </TestSettings>
  <Times creation="2013-10-19T02:23:16.1290169-03:00" queuing="2013-10-19T02:23:16.3340950-03:00" start="2013-10-19T02:23:16.6768684-03:00" finish="2013-10-19T02:23:17.8838997-03:00" />
  <ResultSummary outcome="Completed">
    <Counters total="1" executed="1" passed="1" error="0" failed="0" timeout="0" aborted="0" inconclusive="0" passedButRunAborted="0" notRunnable="0" notExecuted="0" disconnected="0" warning="0" completed="0" inProgress="0" pending="0" />
  </ResultSummary>
  <TestDefinitions>
    <UnitTest name="TestCoefficient1" storage="c:\users\ivan oliveri\documents\visual studio 2010\projects\tp-matematica-superior\test\bin\debug\test.dll" id="55561182-3da7-c2e4-bb94-ed045a552f5b">
      <Execution id="da804447-d34f-438b-aa60-3cab440e61f9" />
      <TestMethod codeBase="C:/Users/Ivan Oliveri/Documents/Visual Studio 2010/Projects/TP-Matematica-Superior/Test/bin/Debug/Test.DLL" adapterTypeName="Microsoft.VisualStudio.TestTools.TestTypes.Unit.UnitTestAdapter, Microsoft.VisualStudio.QualityTools.Tips.UnitTest.Adapter, Version=10.0.0.0, Culture=neutral, PublicKeyToken=b03f5f7f11d50a3a" className="Test.CoefficientsTest, Test, Version=1.0.0.0, Culture=neutral, PublicKeyToken=null" name="TestCoefficient1" />
    </UnitTest>
  </TestDefinitions>
  <TestLists>
    <TestList name="Results Not in a List" id="8c84fa94-04c1-424b-9868-57a2d4851a1d" />
    <TestList name="All Loaded Results" id="19431567-8539-422a-85d7-44ee4e166bda" />
  </TestLists>
  <TestEntries>
    <TestEntry testId="55561182-3da7-c2e4-bb94-ed045a552f5b" executionId="da804447-d34f-438b-aa60-3cab440e61f9" testListId="8c84fa94-04c1-424b-9868-57a2d4851a1d" />
  </TestEntries>
  <Results>
    <UnitTestResult executionId="da804447-d34f-438b-aa60-3cab440e61f9" testId="55561182-3da7-c2e4-bb94-ed045a552f5b" testName="TestCoefficient1" computerName="IVANOLIVERI-PC" duration="00:00:00.0176717" startTime="2013-10-19T02:23:16.8741341-03:00" endTime="2013-10-19T02:23:17.4366341-03:00" testType="13cdc9d9-ddb5-4fa4-a97d-d965ccfc6d4b" outcome="Passed" testListId="8c84fa94-04c1-424b-9868-57a2d4851a1d" relativeResultsDirectory="da804447-d34f-438b-aa60-3cab440e61f9">
    </UnitTestResult>
  </Results>
</TestRun>