<?xml version="1.0" encoding="UTF-8"?>
<TestRun id="40c7d3f1-0bad-471d-816d-c75b8653e93a" name="Ivan Oliveri@IVANOLIVERI-PC 2013-10-19 01:58:42" runUser="IvanOliveri-PC\Ivan Oliveri" xmlns="http://microsoft.com/schemas/VisualStudio/TeamTest/2010">
  <TestSettings name="Local" id="6b37e41e-5d41-4cba-bd50-32b3bbaeff00">
    <Description>These are default test settings for a local test run.</Description>
    <Deployment userDeploymentRoot="C:\Users\Ivan Oliveri\Documents\Visual Studio 2010\Projects\TP-Matematica-Superior\TestResults" useDefaultDeploymentRoot="false" enabled="false" runDeploymentRoot="Ivan Oliveri_IVANOLIVERI-PC 2013-10-19 01_58_42">
      <DeploymentItem filename="C:\Users\Ivan Oliveri\Documents\Visual Studio 2010\Projects\TP-Matematica-Superior\Domain\bin\Debug\DomainTwo.dll" />
    </Deployment>
    <Execution>
      <TestTypeSpecific />
      <AgentRule name="Execution Agents">
      </AgentRule>
    </Execution>
  </TestSettings>
  <Times creation="2013-10-19T01:58:42.3231839-03:00" queuing="2013-10-19T01:58:42.5106839-03:00" start="2013-10-19T01:58:42.6220120-03:00" finish="2013-10-19T01:58:43.6054104-03:00" />
  <ResultSummary outcome="Failed">
    <Counters total="1" executed="1" error="0" failed="1" timeout="0" aborted="0" inconclusive="0" passedButRunAborted="0" notRunnable="0" notExecuted="0" disconnected="0" warning="0" passed="0" completed="0" inProgress="0" pending="0" />
  </ResultSummary>
  <TestDefinitions>
    <UnitTest name="TestCoefficient1" storage="c:\users\ivan oliveri\documents\visual studio 2010\projects\tp-matematica-superior\test\bin\debug\test.dll" id="55561182-3da7-c2e4-bb94-ed045a552f5b">
      <Execution id="f4a94163-50a0-4c92-be97-091f6b2b82d9" />
      <TestMethod codeBase="C:/Users/Ivan Oliveri/Documents/Visual Studio 2010/Projects/TP-Matematica-Superior/Test/bin/Debug/Test.DLL" adapterTypeName="Microsoft.VisualStudio.TestTools.TestTypes.Unit.UnitTestAdapter, Microsoft.VisualStudio.QualityTools.Tips.UnitTest.Adapter, Version=10.0.0.0, Culture=neutral, PublicKeyToken=b03f5f7f11d50a3a" className="Test.CoefficientsTest, Test, Version=1.0.0.0, Culture=neutral, PublicKeyToken=null" name="TestCoefficient1" />
    </UnitTest>
  </TestDefinitions>
  <TestLists>
    <TestList name="Results Not in a List" id="8c84fa94-04c1-424b-9868-57a2d4851a1d" />
    <TestList name="All Loaded Results" id="19431567-8539-422a-85d7-44ee4e166bda" />
  </TestLists>
  <TestEntries>
    <TestEntry testId="55561182-3da7-c2e4-bb94-ed045a552f5b" executionId="f4a94163-50a0-4c92-be97-091f6b2b82d9" testListId="8c84fa94-04c1-424b-9868-57a2d4851a1d" />
  </TestEntries>
  <Results>
    <UnitTestResult executionId="f4a94163-50a0-4c92-be97-091f6b2b82d9" testId="55561182-3da7-c2e4-bb94-ed045a552f5b" testName="TestCoefficient1" computerName="IVANOLIVERI-PC" duration="00:00:00.0713523" startTime="2013-10-19T01:58:42.7421292-03:00" endTime="2013-10-19T01:58:43.2850979-03:00" testType="13cdc9d9-ddb5-4fa4-a97d-d965ccfc6d4b" outcome="Failed" testListId="8c84fa94-04c1-424b-9868-57a2d4851a1d" relativeResultsDirectory="f4a94163-50a0-4c92-be97-091f6b2b82d9">
      <Output>
        <ErrorInfo>
          <Message>Assert.AreEqual failed. Expected:&lt;1&gt;. Actual:&lt;0&gt;. </Message>
          <StackTrace>   at Test.CoefficientsTest.TestCoefficient1() in C:\Users\Ivan Oliveri\Documents\Visual Studio 2010\Projects\TP-Matematica-Superior\Test\CoefficientsTest.cs:line 31
</StackTrace>
        </ErrorInfo>
      </Output>
    </UnitTestResult>
  </Results>
</TestRun>