<?xml version="1.0" encoding="UTF-8"?>
<TestRun id="e92f9bba-a4ae-45f1-b179-1b961238bc53" name="Ivan Oliveri@IVANOLIVERI-PC 2013-10-19 01:54:45" runUser="IvanOliveri-PC\Ivan Oliveri" xmlns="http://microsoft.com/schemas/VisualStudio/TeamTest/2010">
  <TestSettings name="Local" id="6b37e41e-5d41-4cba-bd50-32b3bbaeff00">
    <Description>These are default test settings for a local test run.</Description>
    <Deployment enabled="false" runDeploymentRoot="Ivan Oliveri_IVANOLIVERI-PC 2013-10-19 01_54_45">
      <DeploymentItem filename="C:\Users\Ivan Oliveri\Documents\Visual Studio 2010\Projects\TP-Matematica-Superior\Domain\bin\Debug\DomainTwo.dll" />
    </Deployment>
    <Execution>
      <TestTypeSpecific />
      <AgentRule name="Execution Agents">
      </AgentRule>
    </Execution>
  </TestSettings>
  <Times creation="2013-10-19T01:54:45.8583401-03:00" queuing="2013-10-19T01:54:50.1776761-03:00" start="2013-10-19T01:54:50.7548245-03:00" finish="2013-10-19T01:54:53.9589261-03:00" />
  <ResultSummary outcome="Failed">
    <Counters total="1" executed="1" error="0" failed="1" timeout="0" aborted="0" inconclusive="0" passedButRunAborted="0" notRunnable="0" notExecuted="0" disconnected="0" warning="0" passed="0" completed="0" inProgress="0" pending="0" />
  </ResultSummary>
  <TestDefinitions>
    <UnitTest name="TestCoefficient1" storage="c:\users\ivan oliveri\documents\visual studio 2010\projects\tp-matematica-superior\test\bin\debug\test.dll" id="55561182-3da7-c2e4-bb94-ed045a552f5b">
      <Execution id="91db019d-bac7-4f51-99a1-b2458f9e4bb3" />
      <TestMethod codeBase="C:/Users/Ivan Oliveri/Documents/Visual Studio 2010/Projects/TP-Matematica-Superior/Test/bin/Debug/Test.DLL" adapterTypeName="Microsoft.VisualStudio.TestTools.TestTypes.Unit.UnitTestAdapter, Microsoft.VisualStudio.QualityTools.Tips.UnitTest.Adapter, Version=10.0.0.0, Culture=neutral, PublicKeyToken=b03f5f7f11d50a3a" className="Test.CoefficientsTest, Test, Version=1.0.0.0, Culture=neutral, PublicKeyToken=null" name="TestCoefficient1" />
    </UnitTest>
  </TestDefinitions>
  <TestLists>
    <TestList name="Results Not in a List" id="8c84fa94-04c1-424b-9868-57a2d4851a1d" />
    <TestList name="All Loaded Results" id="19431567-8539-422a-85d7-44ee4e166bda" />
  </TestLists>
  <TestEntries>
    <TestEntry testId="55561182-3da7-c2e4-bb94-ed045a552f5b" executionId="91db019d-bac7-4f51-99a1-b2458f9e4bb3" testListId="8c84fa94-04c1-424b-9868-57a2d4851a1d" />
  </TestEntries>
  <Results>
    <UnitTestResult executionId="91db019d-bac7-4f51-99a1-b2458f9e4bb3" testId="55561182-3da7-c2e4-bb94-ed045a552f5b" testName="TestCoefficient1" computerName="IVANOLIVERI-PC" duration="00:00:00.7135400" startTime="2013-10-19T01:54:50.9647854-03:00" endTime="2013-10-19T01:54:53.6806058-03:00" testType="13cdc9d9-ddb5-4fa4-a97d-d965ccfc6d4b" outcome="Failed" testListId="8c84fa94-04c1-424b-9868-57a2d4851a1d" relativeResultsDirectory="91db019d-bac7-4f51-99a1-b2458f9e4bb3">
      <Output>
        <ErrorInfo>
          <Message>Test method Test.CoefficientsTest.TestCoefficient1 threw exception: 
System.ArgumentOutOfRangeException: Index was out of range. Must be non-negative and less than the size of the collection.
Parameter name: index</Message>
          <StackTrace>    at System.ThrowHelper.ThrowArgumentOutOfRangeException()
   at System.Collections.Generic.List`1.get_Item(Int32 index)
   at System.Linq.Enumerable.ElementAt[TSource](IEnumerable`1 source, Int32 index)
   at Test.CoefficientsTest.TestCoefficient1() in C:\Users\Ivan Oliveri\Documents\Visual Studio 2010\Projects\TP-Matematica-Superior\Test\CoefficientsTest.cs:line 31
</StackTrace>
        </ErrorInfo>
      </Output>
    </UnitTestResult>
  </Results>
</TestRun>